CRITICAL - 2023-12-22 07:39:39 --> Undefined constant "App\Controllers\after_insertion"
in APPPATH\Controllers\student_controller.php on line 39.
 1 SYSTEMPATH\CodeIgniter.php(919): App\Controllers\student_controller->insert()
 2 SYSTEMPATH\CodeIgniter.php(494): CodeIgniter\CodeIgniter->runController(Object(App\Controllers\student_controller))
 3 SYSTEMPATH\CodeIgniter.php(353): CodeIgniter\CodeIgniter->handleRequest(null, Object(Config\Cache), false)
 4 FCPATH\index.php(79): CodeIgniter\CodeIgniter->run()
CRITICAL - 2023-12-22 08:30:00 --> There is no data to update.
in SYSTEMPATH\BaseModel.php on line 1724.
 1 SYSTEMPATH\BaseModel.php(1724): CodeIgniter\Database\Exceptions\DataException::forEmptyDataset('update')
 2 SYSTEMPATH\BaseModel.php(916): CodeIgniter\BaseModel->transformDataToArray(null, 'update')
 3 SYSTEMPATH\Model.php(776): CodeIgniter\BaseModel->update([...], null)
 4 APPPATH\Models\student_model.php(22): CodeIgniter\Model->update([...])
 5 APPPATH\Controllers\student_controller.php(93): App\Models\student_model->update_student_record('2', [...])
 6 SYSTEMPATH\CodeIgniter.php(919): App\Controllers\student_controller->edit('2')
 7 SYSTEMPATH\CodeIgniter.php(494): CodeIgniter\CodeIgniter->runController(Object(App\Controllers\student_controller))
 8 SYSTEMPATH\CodeIgniter.php(353): CodeIgniter\CodeIgniter->handleRequest(null, Object(Config\Cache), false)
 9 FCPATH\index.php(79): CodeIgniter\CodeIgniter->run()
CRITICAL - 2023-12-22 08:32:51 --> There is no data to update.
in SYSTEMPATH\BaseModel.php on line 1724.
 1 SYSTEMPATH\BaseModel.php(1724): CodeIgniter\Database\Exceptions\DataException::forEmptyDataset('update')
 2 SYSTEMPATH\BaseModel.php(916): CodeIgniter\BaseModel->transformDataToArray(null, 'update')
 3 SYSTEMPATH\Model.php(776): CodeIgniter\BaseModel->update([...], null)
 4 APPPATH\Models\student_model.php(22): CodeIgniter\Model->update([...])
 5 APPPATH\Controllers\student_controller.php(93): App\Models\student_model->update_student_record('2', [...])
 6 SYSTEMPATH\CodeIgniter.php(919): App\Controllers\student_controller->edit('2')
 7 SYSTEMPATH\CodeIgniter.php(494): CodeIgniter\CodeIgniter->runController(Object(App\Controllers\student_controller))
 8 SYSTEMPATH\CodeIgniter.php(353): CodeIgniter\CodeIgniter->handleRequest(null, Object(Config\Cache), false)
 9 FCPATH\index.php(79): CodeIgniter\CodeIgniter->run()
CRITICAL - 2023-12-22 08:33:08 --> There is no data to update.
in SYSTEMPATH\BaseModel.php on line 1724.
 1 SYSTEMPATH\BaseModel.php(1724): CodeIgniter\Database\Exceptions\DataException::forEmptyDataset('update')
 2 SYSTEMPATH\BaseModel.php(916): CodeIgniter\BaseModel->transformDataToArray(null, 'update')
 3 SYSTEMPATH\Model.php(776): CodeIgniter\BaseModel->update([...], null)
 4 APPPATH\Models\student_model.php(22): CodeIgniter\Model->update([...])
 5 APPPATH\Controllers\student_controller.php(93): App\Models\student_model->update_student_record('2', [...])
 6 SYSTEMPATH\CodeIgniter.php(919): App\Controllers\student_controller->edit('2')
 7 SYSTEMPATH\CodeIgniter.php(494): CodeIgniter\CodeIgniter->runController(Object(App\Controllers\student_controller))
 8 SYSTEMPATH\CodeIgniter.php(353): CodeIgniter\CodeIgniter->handleRequest(null, Object(Config\Cache), false)
 9 FCPATH\index.php(79): CodeIgniter\CodeIgniter->run()
ERROR - 2023-12-22 08:33:39 --> mysqli_sql_exception: Column 'course_code' cannot be null in C:\xampp\htdocs\ci4\system\Database\MySQLi\Connection.php:306
Stack trace:
#0 C:\xampp\htdocs\ci4\system\Database\MySQLi\Connection.php(306): mysqli->query('INSERT INTO `st...', 0)
#1 C:\xampp\htdocs\ci4\system\Database\BaseConnection.php(692): CodeIgniter\Database\MySQLi\Connection->execute('INSERT INTO `st...')
#2 C:\xampp\htdocs\ci4\system\Database\BaseConnection.php(606): CodeIgniter\Database\BaseConnection->simpleQuery('INSERT INTO `st...')
#3 C:\xampp\htdocs\ci4\system\Database\BaseBuilder.php(2308): CodeIgniter\Database\BaseConnection->query('INSERT INTO `st...', Array, false)
#4 C:\xampp\htdocs\ci4\app\Models\student_model.php(47): CodeIgniter\Database\BaseBuilder->insert(Array)
#5 C:\xampp\htdocs\ci4\app\Models\student_model.php(31): App\Models\student_model->insert_student_log_record('2', Array)
#6 C:\xampp\htdocs\ci4\app\Controllers\student_controller.php(93): App\Models\student_model->update_student_record('2', Array)
#7 C:\xampp\htdocs\ci4\system\CodeIgniter.php(919): App\Controllers\student_controller->edit('2')
#8 C:\xampp\htdocs\ci4\system\CodeIgniter.php(494): CodeIgniter\CodeIgniter->runController(Object(App\Controllers\student_controller))
#9 C:\xampp\htdocs\ci4\system\CodeIgniter.php(353): CodeIgniter\CodeIgniter->handleRequest(NULL, Object(Config\Cache), false)
#10 C:\xampp\htdocs\ci4\index.php(79): CodeIgniter\CodeIgniter->run()
#11 {main}
CRITICAL - 2023-12-22 08:33:39 --> Column 'course_code' cannot be null
in SYSTEMPATH\Database\BaseConnection.php on line 646.
 1 SYSTEMPATH\Database\BaseBuilder.php(2308): CodeIgniter\Database\BaseConnection->query('INSERT INTO `student_log_table` (`course_code`, `branch_code`, `scheme_code`, `leet_status`, `semester`, `6_month_training`, `AICTE_RE`, `course_type`, `subject_title`, `m_code`, `theory/practical`, `elective_status`, `credits`, `internal_marks`, `external_marks`, `cbs_status`, `id`) VALUES (:course_code:, :branch_code:, :scheme_code:, :leet_status:, :semester:, :6_month_training:, :AICTE_RE:, :course_type:, :subject_title:, :m_code:, :theory/practical:, :elective_status:, :credits:, :internal_marks:, :external_marks:, :cbs_status:, :id:)', [...], false)
 2 APPPATH\Models\student_model.php(47): CodeIgniter\Database\BaseBuilder->insert([...])
 3 APPPATH\Models\student_model.php(31): App\Models\student_model->insert_student_log_record('2', [...])
 4 APPPATH\Controllers\student_controller.php(93): App\Models\student_model->update_student_record('2', [...])
 5 SYSTEMPATH\CodeIgniter.php(919): App\Controllers\student_controller->edit('2')
 6 SYSTEMPATH\CodeIgniter.php(494): CodeIgniter\CodeIgniter->runController(Object(App\Controllers\student_controller))
 7 SYSTEMPATH\CodeIgniter.php(353): CodeIgniter\CodeIgniter->handleRequest(null, Object(Config\Cache), false)
 8 FCPATH\index.php(79): CodeIgniter\CodeIgniter->run()
ERROR - 2023-12-22 08:36:36 --> mysqli_sql_exception: Column 'course_code' cannot be null in C:\xampp\htdocs\ci4\system\Database\MySQLi\Connection.php:306
Stack trace:
#0 C:\xampp\htdocs\ci4\system\Database\MySQLi\Connection.php(306): mysqli->query('INSERT INTO `st...', 0)
#1 C:\xampp\htdocs\ci4\system\Database\BaseConnection.php(692): CodeIgniter\Database\MySQLi\Connection->execute('INSERT INTO `st...')
#2 C:\xampp\htdocs\ci4\system\Database\BaseConnection.php(606): CodeIgniter\Database\BaseConnection->simpleQuery('INSERT INTO `st...')
#3 C:\xampp\htdocs\ci4\system\Database\BaseBuilder.php(2308): CodeIgniter\Database\BaseConnection->query('INSERT INTO `st...', Array, false)
#4 C:\xampp\htdocs\ci4\app\Models\student_model.php(47): CodeIgniter\Database\BaseBuilder->insert(Array)
#5 C:\xampp\htdocs\ci4\app\Models\student_model.php(31): App\Models\student_model->insert_student_log_record('2', Array)
#6 C:\xampp\htdocs\ci4\app\Controllers\student_controller.php(93): App\Models\student_model->update_student_record('2', Array)
#7 C:\xampp\htdocs\ci4\system\CodeIgniter.php(919): App\Controllers\student_controller->edit('2')
#8 C:\xampp\htdocs\ci4\system\CodeIgniter.php(494): CodeIgniter\CodeIgniter->runController(Object(App\Controllers\student_controller))
#9 C:\xampp\htdocs\ci4\system\CodeIgniter.php(353): CodeIgniter\CodeIgniter->handleRequest(NULL, Object(Config\Cache), false)
#10 C:\xampp\htdocs\ci4\index.php(79): CodeIgniter\CodeIgniter->run()
#11 {main}
CRITICAL - 2023-12-22 08:36:36 --> Column 'course_code' cannot be null
in SYSTEMPATH\Database\BaseConnection.php on line 646.
 1 SYSTEMPATH\Database\BaseBuilder.php(2308): CodeIgniter\Database\BaseConnection->query('INSERT INTO `student_log_table` (`course_code`, `branch_code`, `scheme_code`, `leet_status`, `semester`, `6_month_training`, `AICTE_RE`, `course_type`, `subject_title`, `m_code`, `theory/practical`, `elective_status`, `credits`, `internal_marks`, `external_marks`, `cbs_status`, `id`) VALUES (:course_code:, :branch_code:, :scheme_code:, :leet_status:, :semester:, :6_month_training:, :AICTE_RE:, :course_type:, :subject_title:, :m_code:, :theory/practical:, :elective_status:, :credits:, :internal_marks:, :external_marks:, :cbs_status:, :id:)', [...], false)
 2 APPPATH\Models\student_model.php(47): CodeIgniter\Database\BaseBuilder->insert([...])
 3 APPPATH\Models\student_model.php(31): App\Models\student_model->insert_student_log_record('2', [...])
 4 APPPATH\Controllers\student_controller.php(93): App\Models\student_model->update_student_record('2', [...])
 5 SYSTEMPATH\CodeIgniter.php(919): App\Controllers\student_controller->edit('2')
 6 SYSTEMPATH\CodeIgniter.php(494): CodeIgniter\CodeIgniter->runController(Object(App\Controllers\student_controller))
 7 SYSTEMPATH\CodeIgniter.php(353): CodeIgniter\CodeIgniter->handleRequest(null, Object(Config\Cache), false)
 8 FCPATH\index.php(79): CodeIgniter\CodeIgniter->run()
CRITICAL - 2023-12-22 08:37:59 --> Undefined variable $course
in APPPATH\Views\update_student.php on line 19.
 1 APPPATH\Views\update_student.php(19): CodeIgniter\Debug\Exceptions->errorHandler(2, 'Undefined variable $course', 'C:\\xampp\\htdocs\\ci4\\app\\Views\\update_student.php', 19)
 2 SYSTEMPATH\View\View.php(226): include('C:\\xampp\\htdocs\\ci4\\app\\Views\\update_student.php')
 3 SYSTEMPATH\View\View.php(229): CodeIgniter\View\View->CodeIgniter\View\{closure}()
 4 SYSTEMPATH\Common.php(1188): CodeIgniter\View\View->render('update_student', [], true)
 5 APPPATH\Controllers\student_controller.php(96): view('update_student', [...])
 6 SYSTEMPATH\CodeIgniter.php(919): App\Controllers\student_controller->edit('2')
 7 SYSTEMPATH\CodeIgniter.php(494): CodeIgniter\CodeIgniter->runController(Object(App\Controllers\student_controller))
 8 SYSTEMPATH\CodeIgniter.php(353): CodeIgniter\CodeIgniter->handleRequest(null, Object(Config\Cache), false)
 9 FCPATH\index.php(79): CodeIgniter\CodeIgniter->run()
CRITICAL - 2023-12-22 08:40:59 --> Undefined variable $model
in APPPATH\Controllers\student_controller.php on line 57.
 1 APPPATH\Controllers\student_controller.php(57): CodeIgniter\Debug\Exceptions->errorHandler(2, 'Undefined variable $model', 'C:\\xampp\\htdocs\\ci4\\app\\Controllers\\student_controller.php', 57)
 2 SYSTEMPATH\CodeIgniter.php(919): App\Controllers\student_controller->edit('2')
 3 SYSTEMPATH\CodeIgniter.php(494): CodeIgniter\CodeIgniter->runController(Object(App\Controllers\student_controller))
 4 SYSTEMPATH\CodeIgniter.php(353): CodeIgniter\CodeIgniter->handleRequest(null, Object(Config\Cache), false)
 5 FCPATH\index.php(79): CodeIgniter\CodeIgniter->run()
CRITICAL - 2023-12-22 08:44:09 --> syntax error, unexpected token "public"
in APPPATH\Models\student_model.php on line 44.
 1 SYSTEMPATH\Autoloader\Autoloader.php(285): CodeIgniter\Autoloader\Autoloader->includeFile('C:\\xampp\\htdocs\\ci4\\app\\Models\\student_model.php')
 2 SYSTEMPATH\Autoloader\Autoloader.php(263): CodeIgniter\Autoloader\Autoloader->loadInNamespace('App\\Models\\student_model')
 3 APPPATH\Controllers\student_controller.php(44): CodeIgniter\Autoloader\Autoloader->loadClass('App\\Models\\student_model')
 4 SYSTEMPATH\CodeIgniter.php(919): App\Controllers\student_controller->show()
 5 SYSTEMPATH\CodeIgniter.php(494): CodeIgniter\CodeIgniter->runController(Object(App\Controllers\student_controller))
 6 SYSTEMPATH\CodeIgniter.php(353): CodeIgniter\CodeIgniter->handleRequest(null, Object(Config\Cache), false)
 7 FCPATH\index.php(79): CodeIgniter\CodeIgniter->run()
CRITICAL - 2023-12-22 08:44:37 --> syntax error, unexpected token "public"
in APPPATH\Models\student_model.php on line 44.
 1 SYSTEMPATH\Autoloader\Autoloader.php(285): CodeIgniter\Autoloader\Autoloader->includeFile('C:\\xampp\\htdocs\\ci4\\app\\Models\\student_model.php')
 2 SYSTEMPATH\Autoloader\Autoloader.php(263): CodeIgniter\Autoloader\Autoloader->loadInNamespace('App\\Models\\student_model')
 3 APPPATH\Controllers\student_controller.php(44): CodeIgniter\Autoloader\Autoloader->loadClass('App\\Models\\student_model')
 4 SYSTEMPATH\CodeIgniter.php(919): App\Controllers\student_controller->show()
 5 SYSTEMPATH\CodeIgniter.php(494): CodeIgniter\CodeIgniter->runController(Object(App\Controllers\student_controller))
 6 SYSTEMPATH\CodeIgniter.php(353): CodeIgniter\CodeIgniter->handleRequest(null, Object(Config\Cache), false)
 7 FCPATH\index.php(79): CodeIgniter\CodeIgniter->run()
CRITICAL - 2023-12-22 08:45:20 --> syntax error, unexpected token "public"
in APPPATH\Models\student_model.php on line 44.
 1 SYSTEMPATH\Autoloader\Autoloader.php(285): CodeIgniter\Autoloader\Autoloader->includeFile('C:\\xampp\\htdocs\\ci4\\app\\Models\\student_model.php')
 2 SYSTEMPATH\Autoloader\Autoloader.php(263): CodeIgniter\Autoloader\Autoloader->loadInNamespace('App\\Models\\student_model')
 3 APPPATH\Controllers\student_controller.php(44): CodeIgniter\Autoloader\Autoloader->loadClass('App\\Models\\student_model')
 4 SYSTEMPATH\CodeIgniter.php(919): App\Controllers\student_controller->show()
 5 SYSTEMPATH\CodeIgniter.php(494): CodeIgniter\CodeIgniter->runController(Object(App\Controllers\student_controller))
 6 SYSTEMPATH\CodeIgniter.php(353): CodeIgniter\CodeIgniter->handleRequest(null, Object(Config\Cache), false)
 7 FCPATH\index.php(79): CodeIgniter\CodeIgniter->run()
CRITICAL - 2023-12-22 08:46:37 --> Unclosed '{' on line 8
in APPPATH\Models\student_model.php on line 66.
 1 SYSTEMPATH\Autoloader\Autoloader.php(285): CodeIgniter\Autoloader\Autoloader->includeFile('C:\\xampp\\htdocs\\ci4\\app\\Models\\student_model.php')
 2 SYSTEMPATH\Autoloader\Autoloader.php(263): CodeIgniter\Autoloader\Autoloader->loadInNamespace('App\\Models\\student_model')
 3 APPPATH\Controllers\student_controller.php(44): CodeIgniter\Autoloader\Autoloader->loadClass('App\\Models\\student_model')
 4 SYSTEMPATH\CodeIgniter.php(919): App\Controllers\student_controller->show()
 5 SYSTEMPATH\CodeIgniter.php(494): CodeIgniter\CodeIgniter->runController(Object(App\Controllers\student_controller))
 6 SYSTEMPATH\CodeIgniter.php(353): CodeIgniter\CodeIgniter->handleRequest(null, Object(Config\Cache), false)
 7 FCPATH\index.php(79): CodeIgniter\CodeIgniter->run()
ERROR - 2023-12-22 08:49:08 --> mysqli_sql_exception: Column 'course_code' cannot be null in C:\xampp\htdocs\ci4\system\Database\MySQLi\Connection.php:306
Stack trace:
#0 C:\xampp\htdocs\ci4\system\Database\MySQLi\Connection.php(306): mysqli->query('INSERT INTO `st...', 0)
#1 C:\xampp\htdocs\ci4\system\Database\BaseConnection.php(692): CodeIgniter\Database\MySQLi\Connection->execute('INSERT INTO `st...')
#2 C:\xampp\htdocs\ci4\system\Database\BaseConnection.php(606): CodeIgniter\Database\BaseConnection->simpleQuery('INSERT INTO `st...')
#3 C:\xampp\htdocs\ci4\system\Database\BaseBuilder.php(2308): CodeIgniter\Database\BaseConnection->query('INSERT INTO `st...', Array, false)
#4 C:\xampp\htdocs\ci4\app\Models\student_model.php(65): CodeIgniter\Database\BaseBuilder->insert(Array)
#5 C:\xampp\htdocs\ci4\app\Models\student_model.php(58): App\Models\student_model->insert_student_log_record('2', Array)
#6 C:\xampp\htdocs\ci4\app\Controllers\student_controller.php(90): App\Models\student_model->update_student_log_record('2', Array)
#7 C:\xampp\htdocs\ci4\system\CodeIgniter.php(919): App\Controllers\student_controller->edit('2')
#8 C:\xampp\htdocs\ci4\system\CodeIgniter.php(494): CodeIgniter\CodeIgniter->runController(Object(App\Controllers\student_controller))
#9 C:\xampp\htdocs\ci4\system\CodeIgniter.php(353): CodeIgniter\CodeIgniter->handleRequest(NULL, Object(Config\Cache), false)
#10 C:\xampp\htdocs\ci4\index.php(79): CodeIgniter\CodeIgniter->run()
#11 {main}
CRITICAL - 2023-12-22 08:49:08 --> Column 'course_code' cannot be null
in SYSTEMPATH\Database\BaseConnection.php on line 646.
 1 SYSTEMPATH\Database\BaseBuilder.php(2308): CodeIgniter\Database\BaseConnection->query('INSERT INTO `student_log_table` (`course_code`, `branch_code`, `scheme_code`, `leet_status`, `semester`, `6_month_training`, `AICTE_RE`, `course_type`, `subject_title`, `m_code`, `theory/practical`, `elective_status`, `credits`, `internal_marks`, `external_marks`, `cbs_status`, `id`) VALUES (:course_code:, :branch_code:, :scheme_code:, :leet_status:, :semester:, :6_month_training:, :AICTE_RE:, :course_type:, :subject_title:, :m_code:, :theory/practical:, :elective_status:, :credits:, :internal_marks:, :external_marks:, :cbs_status:, :id:)', [...], false)
 2 APPPATH\Models\student_model.php(65): CodeIgniter\Database\BaseBuilder->insert([...])
 3 APPPATH\Models\student_model.php(58): App\Models\student_model->insert_student_log_record('2', [...])
 4 APPPATH\Controllers\student_controller.php(90): App\Models\student_model->update_student_log_record('2', [...])
 5 SYSTEMPATH\CodeIgniter.php(919): App\Controllers\student_controller->edit('2')
 6 SYSTEMPATH\CodeIgniter.php(494): CodeIgniter\CodeIgniter->runController(Object(App\Controllers\student_controller))
 7 SYSTEMPATH\CodeIgniter.php(353): CodeIgniter\CodeIgniter->handleRequest(null, Object(Config\Cache), false)
 8 FCPATH\index.php(79): CodeIgniter\CodeIgniter->run()
ERROR - 2023-12-22 08:49:49 --> mysqli_sql_exception: Column 'course_code' cannot be null in C:\xampp\htdocs\ci4\system\Database\MySQLi\Connection.php:306
Stack trace:
#0 C:\xampp\htdocs\ci4\system\Database\MySQLi\Connection.php(306): mysqli->query('INSERT INTO `st...', 0)
#1 C:\xampp\htdocs\ci4\system\Database\BaseConnection.php(692): CodeIgniter\Database\MySQLi\Connection->execute('INSERT INTO `st...')
#2 C:\xampp\htdocs\ci4\system\Database\BaseConnection.php(606): CodeIgniter\Database\BaseConnection->simpleQuery('INSERT INTO `st...')
#3 C:\xampp\htdocs\ci4\system\Database\BaseBuilder.php(2308): CodeIgniter\Database\BaseConnection->query('INSERT INTO `st...', Array, false)
#4 C:\xampp\htdocs\ci4\app\Models\student_model.php(65): CodeIgniter\Database\BaseBuilder->insert(Array)
#5 C:\xampp\htdocs\ci4\app\Models\student_model.php(58): App\Models\student_model->insert_student_log_record('2', Array)
#6 C:\xampp\htdocs\ci4\app\Controllers\student_controller.php(90): App\Models\student_model->update_student_log_record('2', Array)
#7 C:\xampp\htdocs\ci4\system\CodeIgniter.php(919): App\Controllers\student_controller->edit('2')
#8 C:\xampp\htdocs\ci4\system\CodeIgniter.php(494): CodeIgniter\CodeIgniter->runController(Object(App\Controllers\student_controller))
#9 C:\xampp\htdocs\ci4\system\CodeIgniter.php(353): CodeIgniter\CodeIgniter->handleRequest(NULL, Object(Config\Cache), false)
#10 C:\xampp\htdocs\ci4\index.php(79): CodeIgniter\CodeIgniter->run()
#11 {main}
CRITICAL - 2023-12-22 08:49:49 --> Column 'course_code' cannot be null
in SYSTEMPATH\Database\BaseConnection.php on line 646.
 1 SYSTEMPATH\Database\BaseBuilder.php(2308): CodeIgniter\Database\BaseConnection->query('INSERT INTO `student_log_table` (`course_code`, `branch_code`, `scheme_code`, `leet_status`, `semester`, `6_month_training`, `AICTE_RE`, `course_type`, `subject_title`, `m_code`, `theory/practical`, `elective_status`, `credits`, `internal_marks`, `external_marks`, `cbs_status`) VALUES (:course_code:, :branch_code:, :scheme_code:, :leet_status:, :semester:, :6_month_training:, :AICTE_RE:, :course_type:, :subject_title:, :m_code:, :theory/practical:, :elective_status:, :credits:, :internal_marks:, :external_marks:, :cbs_status:)', [...], false)
 2 APPPATH\Models\student_model.php(65): CodeIgniter\Database\BaseBuilder->insert([...])
 3 APPPATH\Models\student_model.php(58): App\Models\student_model->insert_student_log_record('2', [...])
 4 APPPATH\Controllers\student_controller.php(90): App\Models\student_model->update_student_log_record('2', [...])
 5 SYSTEMPATH\CodeIgniter.php(919): App\Controllers\student_controller->edit('2')
 6 SYSTEMPATH\CodeIgniter.php(494): CodeIgniter\CodeIgniter->runController(Object(App\Controllers\student_controller))
 7 SYSTEMPATH\CodeIgniter.php(353): CodeIgniter\CodeIgniter->handleRequest(null, Object(Config\Cache), false)
 8 FCPATH\index.php(79): CodeIgniter\CodeIgniter->run()
ERROR - 2023-12-22 08:53:12 --> mysqli_sql_exception: Operand should contain 1 column(s) in C:\xampp\htdocs\ci4\system\Database\MySQLi\Connection.php:306
Stack trace:
#0 C:\xampp\htdocs\ci4\system\Database\MySQLi\Connection.php(306): mysqli->query('INSERT INTO `st...', 0)
#1 C:\xampp\htdocs\ci4\system\Database\BaseConnection.php(692): CodeIgniter\Database\MySQLi\Connection->execute('INSERT INTO `st...')
#2 C:\xampp\htdocs\ci4\system\Database\BaseConnection.php(606): CodeIgniter\Database\BaseConnection->simpleQuery('INSERT INTO `st...')
#3 C:\xampp\htdocs\ci4\system\Database\BaseBuilder.php(2308): CodeIgniter\Database\BaseConnection->query('INSERT INTO `st...', Array, false)
#4 C:\xampp\htdocs\ci4\app\Models\student_model.php(65): CodeIgniter\Database\BaseBuilder->insert(Array)
#5 C:\xampp\htdocs\ci4\app\Models\student_model.php(58): App\Models\student_model->insert_student_log_record('2', Array)
#6 C:\xampp\htdocs\ci4\app\Controllers\student_controller.php(90): App\Models\student_model->update_student_log_record('2', Array)
#7 C:\xampp\htdocs\ci4\system\CodeIgniter.php(919): App\Controllers\student_controller->edit('2')
#8 C:\xampp\htdocs\ci4\system\CodeIgniter.php(494): CodeIgniter\CodeIgniter->runController(Object(App\Controllers\student_controller))
#9 C:\xampp\htdocs\ci4\system\CodeIgniter.php(353): CodeIgniter\CodeIgniter->handleRequest(NULL, Object(Config\Cache), false)
#10 C:\xampp\htdocs\ci4\index.php(79): CodeIgniter\CodeIgniter->run()
#11 {main}
CRITICAL - 2023-12-22 08:53:12 --> Operand should contain 1 column(s)
in SYSTEMPATH\Database\BaseConnection.php on line 646.
 1 SYSTEMPATH\Database\BaseBuilder.php(2308): CodeIgniter\Database\BaseConnection->query('INSERT INTO `student_log_table` (`course`, `id`) VALUES (:course:, :id:)', [...], false)
 2 APPPATH\Models\student_model.php(65): CodeIgniter\Database\BaseBuilder->insert([...])
 3 APPPATH\Models\student_model.php(58): App\Models\student_model->insert_student_log_record('2', [...])
 4 APPPATH\Controllers\student_controller.php(90): App\Models\student_model->update_student_log_record('2', [...])
 5 SYSTEMPATH\CodeIgniter.php(919): App\Controllers\student_controller->edit('2')
 6 SYSTEMPATH\CodeIgniter.php(494): CodeIgniter\CodeIgniter->runController(Object(App\Controllers\student_controller))
 7 SYSTEMPATH\CodeIgniter.php(353): CodeIgniter\CodeIgniter->handleRequest(null, Object(Config\Cache), false)
 8 FCPATH\index.php(79): CodeIgniter\CodeIgniter->run()
ERROR - 2023-12-22 08:53:34 --> mysqli_sql_exception: Column 'course_code' cannot be null in C:\xampp\htdocs\ci4\system\Database\MySQLi\Connection.php:306
Stack trace:
#0 C:\xampp\htdocs\ci4\system\Database\MySQLi\Connection.php(306): mysqli->query('INSERT INTO `st...', 0)
#1 C:\xampp\htdocs\ci4\system\Database\BaseConnection.php(692): CodeIgniter\Database\MySQLi\Connection->execute('INSERT INTO `st...')
#2 C:\xampp\htdocs\ci4\system\Database\BaseConnection.php(606): CodeIgniter\Database\BaseConnection->simpleQuery('INSERT INTO `st...')
#3 C:\xampp\htdocs\ci4\system\Database\BaseBuilder.php(2308): CodeIgniter\Database\BaseConnection->query('INSERT INTO `st...', Array, false)
#4 C:\xampp\htdocs\ci4\app\Models\student_model.php(65): CodeIgniter\Database\BaseBuilder->insert(Array)
#5 C:\xampp\htdocs\ci4\app\Models\student_model.php(58): App\Models\student_model->insert_student_log_record('4', Array)
#6 C:\xampp\htdocs\ci4\app\Controllers\student_controller.php(90): App\Models\student_model->update_student_log_record('4', Array)
#7 C:\xampp\htdocs\ci4\system\CodeIgniter.php(919): App\Controllers\student_controller->edit('4')
#8 C:\xampp\htdocs\ci4\system\CodeIgniter.php(494): CodeIgniter\CodeIgniter->runController(Object(App\Controllers\student_controller))
#9 C:\xampp\htdocs\ci4\system\CodeIgniter.php(353): CodeIgniter\CodeIgniter->handleRequest(NULL, Object(Config\Cache), false)
#10 C:\xampp\htdocs\ci4\index.php(79): CodeIgniter\CodeIgniter->run()
#11 {main}
CRITICAL - 2023-12-22 08:53:34 --> Column 'course_code' cannot be null
in SYSTEMPATH\Database\BaseConnection.php on line 646.
 1 SYSTEMPATH\Database\BaseBuilder.php(2308): CodeIgniter\Database\BaseConnection->query('INSERT INTO `student_log_table` (`course_code`, `branch_code`, `scheme_code`, `leet_status`, `semester`, `6_month_training`, `AICTE_RE`, `course_type`, `subject_title`, `m_code`, `theory/practical`, `elective_status`, `credits`, `internal_marks`, `external_marks`, `cbs_status`, `id`) VALUES (:course_code:, :branch_code:, :scheme_code:, :leet_status:, :semester:, :6_month_training:, :AICTE_RE:, :course_type:, :subject_title:, :m_code:, :theory/practical:, :elective_status:, :credits:, :internal_marks:, :external_marks:, :cbs_status:, :id:)', [...], false)
 2 APPPATH\Models\student_model.php(65): CodeIgniter\Database\BaseBuilder->insert([...])
 3 APPPATH\Models\student_model.php(58): App\Models\student_model->insert_student_log_record('4', [...])
 4 APPPATH\Controllers\student_controller.php(90): App\Models\student_model->update_student_log_record('4', [...])
 5 SYSTEMPATH\CodeIgniter.php(919): App\Controllers\student_controller->edit('4')
 6 SYSTEMPATH\CodeIgniter.php(494): CodeIgniter\CodeIgniter->runController(Object(App\Controllers\student_controller))
 7 SYSTEMPATH\CodeIgniter.php(353): CodeIgniter\CodeIgniter->handleRequest(null, Object(Config\Cache), false)
 8 FCPATH\index.php(79): CodeIgniter\CodeIgniter->run()
ERROR - 2023-12-22 08:55:06 --> mysqli_sql_exception: Column 'branch_code' cannot be null in C:\xampp\htdocs\ci4\system\Database\MySQLi\Connection.php:306
Stack trace:
#0 C:\xampp\htdocs\ci4\system\Database\MySQLi\Connection.php(306): mysqli->query('INSERT INTO `st...', 0)
#1 C:\xampp\htdocs\ci4\system\Database\BaseConnection.php(692): CodeIgniter\Database\MySQLi\Connection->execute('INSERT INTO `st...')
#2 C:\xampp\htdocs\ci4\system\Database\BaseConnection.php(606): CodeIgniter\Database\BaseConnection->simpleQuery('INSERT INTO `st...')
#3 C:\xampp\htdocs\ci4\system\Database\BaseBuilder.php(2308): CodeIgniter\Database\BaseConnection->query('INSERT INTO `st...', Array, false)
#4 C:\xampp\htdocs\ci4\app\Models\student_model.php(65): CodeIgniter\Database\BaseBuilder->insert(Array)
#5 C:\xampp\htdocs\ci4\app\Models\student_model.php(58): App\Models\student_model->insert_student_log_record('4', Array)
#6 C:\xampp\htdocs\ci4\app\Controllers\student_controller.php(90): App\Models\student_model->update_student_log_record('4', Array)
#7 C:\xampp\htdocs\ci4\system\CodeIgniter.php(919): App\Controllers\student_controller->edit('4')
#8 C:\xampp\htdocs\ci4\system\CodeIgniter.php(494): CodeIgniter\CodeIgniter->runController(Object(App\Controllers\student_controller))
#9 C:\xampp\htdocs\ci4\system\CodeIgniter.php(353): CodeIgniter\CodeIgniter->handleRequest(NULL, Object(Config\Cache), false)
#10 C:\xampp\htdocs\ci4\index.php(79): CodeIgniter\CodeIgniter->run()
#11 {main}
CRITICAL - 2023-12-22 08:55:06 --> Column 'branch_code' cannot be null
in SYSTEMPATH\Database\BaseConnection.php on line 646.
 1 SYSTEMPATH\Database\BaseBuilder.php(2308): CodeIgniter\Database\BaseConnection->query('INSERT INTO `student_log_table` (`course_code`, `branch_code`, `scheme_code`, `leet_status`, `semester`, `6_month_training`, `AICTE_RE`, `course_type`, `subject_title`, `m_code`, `theory/practical`, `elective_status`, `credits`, `internal_marks`, `external_marks`, `cbs_status`, `id`) VALUES (:course_code:, :branch_code:, :scheme_code:, :leet_status:, :semester:, :6_month_training:, :AICTE_RE:, :course_type:, :subject_title:, :m_code:, :theory/practical:, :elective_status:, :credits:, :internal_marks:, :external_marks:, :cbs_status:, :id:)', [...], false)
 2 APPPATH\Models\student_model.php(65): CodeIgniter\Database\BaseBuilder->insert([...])
 3 APPPATH\Models\student_model.php(58): App\Models\student_model->insert_student_log_record('4', [...])
 4 APPPATH\Controllers\student_controller.php(90): App\Models\student_model->update_student_log_record('4', [...])
 5 SYSTEMPATH\CodeIgniter.php(919): App\Controllers\student_controller->edit('4')
 6 SYSTEMPATH\CodeIgniter.php(494): CodeIgniter\CodeIgniter->runController(Object(App\Controllers\student_controller))
 7 SYSTEMPATH\CodeIgniter.php(353): CodeIgniter\CodeIgniter->handleRequest(null, Object(Config\Cache), false)
 8 FCPATH\index.php(79): CodeIgniter\CodeIgniter->run()
CRITICAL - 2023-12-22 12:49:17 --> Undefined property: App\Controllers\student_controller::$input
in APPPATH\Controllers\student_controller.php on line 20.
 1 APPPATH\Controllers\student_controller.php(20): CodeIgniter\Debug\Exceptions->errorHandler(2, 'Undefined property: App\\Controllers\\student_controller::$input', 'C:\\xampp\\htdocs\\ci4\\app\\Controllers\\student_controller.php', 20)
 2 SYSTEMPATH\CodeIgniter.php(919): App\Controllers\student_controller->credentials()
 3 SYSTEMPATH\CodeIgniter.php(494): CodeIgniter\CodeIgniter->runController(Object(App\Controllers\student_controller))
 4 SYSTEMPATH\CodeIgniter.php(353): CodeIgniter\CodeIgniter->handleRequest(null, Object(Config\Cache), false)
 5 FCPATH\index.php(79): CodeIgniter\CodeIgniter->run()
CRITICAL - 2023-12-22 13:01:00 --> Class "App\Controllers\admin_model" not found
in APPPATH\Controllers\student_controller.php on line 26.
 1 SYSTEMPATH\CodeIgniter.php(919): App\Controllers\student_controller->credentials()
 2 SYSTEMPATH\CodeIgniter.php(494): CodeIgniter\CodeIgniter->runController(Object(App\Controllers\student_controller))
 3 SYSTEMPATH\CodeIgniter.php(353): CodeIgniter\CodeIgniter->handleRequest(null, Object(Config\Cache), false)
 4 FCPATH\index.php(79): CodeIgniter\CodeIgniter->run()
CRITICAL - 2023-12-22 13:01:33 --> syntax error, unexpected token "public", expecting end of file
in APPPATH\Models\admin_model.php on line 14.
 1 SYSTEMPATH\Autoloader\Autoloader.php(285): CodeIgniter\Autoloader\Autoloader->includeFile('C:\\xampp\\htdocs\\ci4\\app\\Models\\admin_model.php')
 2 SYSTEMPATH\Autoloader\Autoloader.php(263): CodeIgniter\Autoloader\Autoloader->loadInNamespace('App\\Models\\admin_model')
 3 APPPATH\Controllers\student_controller.php(27): CodeIgniter\Autoloader\Autoloader->loadClass('App\\Models\\admin_model')
 4 SYSTEMPATH\CodeIgniter.php(919): App\Controllers\student_controller->credentials()
 5 SYSTEMPATH\CodeIgniter.php(494): CodeIgniter\CodeIgniter->runController(Object(App\Controllers\student_controller))
 6 SYSTEMPATH\CodeIgniter.php(353): CodeIgniter\CodeIgniter->handleRequest(null, Object(Config\Cache), false)
 7 FCPATH\index.php(79): CodeIgniter\CodeIgniter->run()
CRITICAL - 2023-12-22 13:02:05 --> Class "App\Models\admin_model" not found
in APPPATH\Controllers\student_controller.php on line 27.
 1 SYSTEMPATH\CodeIgniter.php(919): App\Controllers\student_controller->credentials()
 2 SYSTEMPATH\CodeIgniter.php(494): CodeIgniter\CodeIgniter->runController(Object(App\Controllers\student_controller))
 3 SYSTEMPATH\CodeIgniter.php(353): CodeIgniter\CodeIgniter->handleRequest(null, Object(Config\Cache), false)
 4 FCPATH\index.php(79): CodeIgniter\CodeIgniter->run()
CRITICAL - 2023-12-22 13:03:15 --> Call to a member function real_escape_string() on null
in APPPATH\Models\admin_model.php on line 14.
 1 APPPATH\Controllers\student_controller.php(28): App\Models\admin_model->checkCredentials('arsh', '123')
 2 SYSTEMPATH\CodeIgniter.php(919): App\Controllers\student_controller->credentials()
 3 SYSTEMPATH\CodeIgniter.php(494): CodeIgniter\CodeIgniter->runController(Object(App\Controllers\student_controller))
 4 SYSTEMPATH\CodeIgniter.php(353): CodeIgniter\CodeIgniter->handleRequest(null, Object(Config\Cache), false)
 5 FCPATH\index.php(79): CodeIgniter\CodeIgniter->run()
CRITICAL - 2023-12-22 13:04:09 --> Call to a member function query() on null
in APPPATH\Models\admin_model.php on line 18.
 1 APPPATH\Controllers\student_controller.php(28): App\Models\admin_model->checkCredentials('arsh', '123')
 2 SYSTEMPATH\CodeIgniter.php(919): App\Controllers\student_controller->credentials()
 3 SYSTEMPATH\CodeIgniter.php(494): CodeIgniter\CodeIgniter->runController(Object(App\Controllers\student_controller))
 4 SYSTEMPATH\CodeIgniter.php(353): CodeIgniter\CodeIgniter->handleRequest(null, Object(Config\Cache), false)
 5 FCPATH\index.php(79): CodeIgniter\CodeIgniter->run()
CRITICAL - 2023-12-22 13:07:58 --> Call to a member function query() on null
in APPPATH\Models\admin_model.php on line 18.
 1 APPPATH\Controllers\student_controller.php(28): App\Models\admin_model->checkCredentials('arsh', '123')
 2 SYSTEMPATH\CodeIgniter.php(919): App\Controllers\student_controller->credentials()
 3 SYSTEMPATH\CodeIgniter.php(494): CodeIgniter\CodeIgniter->runController(Object(App\Controllers\student_controller))
 4 SYSTEMPATH\CodeIgniter.php(353): CodeIgniter\CodeIgniter->handleRequest(null, Object(Config\Cache), false)
 5 FCPATH\index.php(79): CodeIgniter\CodeIgniter->run()
CRITICAL - 2023-12-22 13:08:44 --> Call to a member function query() on null
in APPPATH\Models\admin_model.php on line 18.
 1 APPPATH\Controllers\student_controller.php(28): App\Models\admin_model->checkCredentials('arsh', '123')
 2 SYSTEMPATH\CodeIgniter.php(919): App\Controllers\student_controller->credentials()
 3 SYSTEMPATH\CodeIgniter.php(494): CodeIgniter\CodeIgniter->runController(Object(App\Controllers\student_controller))
 4 SYSTEMPATH\CodeIgniter.php(353): CodeIgniter\CodeIgniter->handleRequest(null, Object(Config\Cache), false)
 5 FCPATH\index.php(79): CodeIgniter\CodeIgniter->run()
CRITICAL - 2023-12-22 13:44:44 --> Undefined variable $courses
in APPPATH\Views\show_student.php on line 44.
 1 APPPATH\Views\show_student.php(44): CodeIgniter\Debug\Exceptions->errorHandler(2, 'Undefined variable $courses', 'C:\\xampp\\htdocs\\ci4\\app\\Views\\show_student.php', 44)
 2 SYSTEMPATH\View\View.php(226): include('C:\\xampp\\htdocs\\ci4\\app\\Views\\show_student.php')
 3 SYSTEMPATH\View\View.php(229): CodeIgniter\View\View->CodeIgniter\View\{closure}()
 4 SYSTEMPATH\Common.php(1188): CodeIgniter\View\View->render('show_student', [], true)
 5 APPPATH\Controllers\student_controller.php(157): view('show_student')
 6 SYSTEMPATH\CodeIgniter.php(919): App\Controllers\student_controller->update()
 7 SYSTEMPATH\CodeIgniter.php(494): CodeIgniter\CodeIgniter->runController(Object(App\Controllers\student_controller))
 8 SYSTEMPATH\CodeIgniter.php(353): CodeIgniter\CodeIgniter->handleRequest(null, Object(Config\Cache), false)
 9 FCPATH\index.php(79): CodeIgniter\CodeIgniter->run()
CRITICAL - 2023-12-22 13:45:46 --> Undefined variable $courses
in APPPATH\Views\show_student.php on line 44.
 1 APPPATH\Views\show_student.php(44): CodeIgniter\Debug\Exceptions->errorHandler(2, 'Undefined variable $courses', 'C:\\xampp\\htdocs\\ci4\\app\\Views\\show_student.php', 44)
 2 SYSTEMPATH\View\View.php(226): include('C:\\xampp\\htdocs\\ci4\\app\\Views\\show_student.php')
 3 SYSTEMPATH\View\View.php(229): CodeIgniter\View\View->CodeIgniter\View\{closure}()
 4 SYSTEMPATH\Common.php(1188): CodeIgniter\View\View->render('show_student', [], true)
 5 APPPATH\Controllers\student_controller.php(157): view('show_student', [...])
 6 SYSTEMPATH\CodeIgniter.php(919): App\Controllers\student_controller->update()
 7 SYSTEMPATH\CodeIgniter.php(494): CodeIgniter\CodeIgniter->runController(Object(App\Controllers\student_controller))
 8 SYSTEMPATH\CodeIgniter.php(353): CodeIgniter\CodeIgniter->handleRequest(null, Object(Config\Cache), false)
 9 FCPATH\index.php(79): CodeIgniter\CodeIgniter->run()
CRITICAL - 2023-12-22 13:46:59 --> Undefined variable $courses
in APPPATH\Views\show_student.php on line 44.
 1 APPPATH\Views\show_student.php(44): CodeIgniter\Debug\Exceptions->errorHandler(2, 'Undefined variable $courses', 'C:\\xampp\\htdocs\\ci4\\app\\Views\\show_student.php', 44)
 2 SYSTEMPATH\View\View.php(226): include('C:\\xampp\\htdocs\\ci4\\app\\Views\\show_student.php')
 3 SYSTEMPATH\View\View.php(229): CodeIgniter\View\View->CodeIgniter\View\{closure}()
 4 SYSTEMPATH\Common.php(1188): CodeIgniter\View\View->render('show_student', [], true)
 5 APPPATH\Controllers\student_controller.php(157): view('show_student', [...])
 6 SYSTEMPATH\CodeIgniter.php(919): App\Controllers\student_controller->update()
 7 SYSTEMPATH\CodeIgniter.php(494): CodeIgniter\CodeIgniter->runController(Object(App\Controllers\student_controller))
 8 SYSTEMPATH\CodeIgniter.php(353): CodeIgniter\CodeIgniter->handleRequest(null, Object(Config\Cache), false)
 9 FCPATH\index.php(79): CodeIgniter\CodeIgniter->run()
